2014-03-26T14:30:15+00:00 NOTICE (5): Untranslated message within 'en': 
2014-03-26T14:30:15+00:00 NOTICE (5): Untranslated message within 'en': 
2014-03-26T14:30:15+00:00 NOTICE (5): Untranslated message within 'en': 
2014-03-26T14:30:16+00:00 NOTICE (5): Untranslated message within 'en': 
2014-03-26T14:30:16+00:00 NOTICE (5): Untranslated message within 'en': pagetitle-core-index-admin-index
2014-03-26T14:30:16+00:00 NOTICE (5): Untranslated message within 'en': 
2014-03-26T14:30:16+00:00 NOTICE (5): Untranslated message within 'en': 
2014-03-26T14:30:16+00:00 NOTICE (5): Untranslated message within 'en': Twitter Integration
2014-03-26T14:30:16+00:00 NOTICE (5): Untranslated message within 'en': Janrain Integration
2014-03-26T14:30:16+00:00 NOTICE (5): Untranslated message within 'en': Storage System
2014-03-26T14:30:16+00:00 NOTICE (5): Untranslated message within 'en': HE - Hashtags
2014-03-26T14:30:16+00:00 NOTICE (5): Untranslated message within 'en': HE - Pin-Feed
2014-03-26T14:30:16+00:00 NOTICE (5): Untranslated message within 'en': SE Affiliate Program
2014-03-26T14:30:16+00:00 NOTICE (5): Untranslated message within 'en': VigLink
2014-03-26T14:30:16+00:00 NOTICE (5): Untranslated message within 'en': 
2014-03-26T14:30:16+00:00 NOTICE (5): Untranslated message within 'en': Twitter Integration
2014-03-26T14:30:16+00:00 NOTICE (5): Untranslated message within 'en': Janrain Integration
2014-03-26T14:30:16+00:00 NOTICE (5): Untranslated message within 'en': Storage System
2014-03-26T14:30:16+00:00 NOTICE (5): Untranslated message within 'en': HE - Hashtags
2014-03-26T14:30:16+00:00 NOTICE (5): Untranslated message within 'en': HE - Pin-Feed
2014-03-26T14:30:16+00:00 NOTICE (5): Untranslated message within 'en': SE Affiliate Program
2014-03-26T14:30:16+00:00 NOTICE (5): Untranslated message within 'en': VigLink
2014-03-26T14:30:16+00:00 NOTICE (5): Untranslated message within 'en': 
2014-03-26T14:30:27+00:00 NOTICE (5): Untranslated message within 'en': 
2014-03-26T14:30:27+00:00 NOTICE (5): Untranslated message within 'en': Trends
2014-03-26T14:30:27+00:00 NOTICE (5): Untranslated message within 'en': 
2014-03-26T14:30:27+00:00 NOTICE (5): Untranslated message within 'en': Wealthment Administrator
2014-03-26T14:30:27+00:00 NOTICE (5): Untranslated message within 'en': Wealthment Administrator
2014-03-26T14:30:27+00:00 NOTICE (5): Untranslated message within 'en': Ershad Jamil
2014-03-26T14:30:27+00:00 NOTICE (5): Untranslated message within 'en': Ershad Jamil
2014-03-26T14:30:27+00:00 NOTICE (5): Untranslated message within 'en': Ershad Jamil
2014-03-26T14:30:27+00:00 NOTICE (5): Untranslated message within 'en': Ershad Jamil
2014-03-26T14:30:28+00:00 NOTICE (5): Untranslated message within 'en': Ershad Jamil
2014-03-26T14:30:28+00:00 NOTICE (5): Untranslated message within 'en': Ershad Jamil
2014-03-26T14:30:28+00:00 NOTICE (5): Untranslated message within 'en': Ershad Jamil
2014-03-26T14:30:28+00:00 NOTICE (5): Untranslated message within 'en': Jeffrey Lee
2014-03-26T14:30:28+00:00 NOTICE (5): Untranslated message within 'en': Ershad Jamil
2014-03-26T14:30:28+00:00 NOTICE (5): Untranslated message within 'en': Ershad Jamil
2014-03-26T14:30:28+00:00 NOTICE (5): Untranslated message within 'en': Ershad Jamil
2014-03-26T14:30:28+00:00 NOTICE (5): Untranslated message within 'en': Jeffrey Lee
2014-03-26T14:30:28+00:00 NOTICE (5): Untranslated message within 'en': Jeffrey Lee
2014-03-26T14:30:28+00:00 NOTICE (5): Untranslated message within 'en': Ershad Jamil
2014-03-26T14:30:28+00:00 NOTICE (5): Untranslated message within 'en': Jeffrey Lee
2014-03-26T14:30:28+00:00 NOTICE (5): Untranslated message within 'en': Ershad Jamil
2014-03-26T14:30:28+00:00 NOTICE (5): Untranslated message within 'en': Ershad Jamil
2014-03-26T14:30:28+00:00 NOTICE (5): Untranslated message within 'en': Ershad Jamil
2014-03-26T14:30:28+00:00 NOTICE (5): Untranslated message within 'en': Ershad Jamil
2014-03-26T14:30:28+00:00 NOTICE (5): Untranslated message within 'en': Ershad Jamil
2014-03-26T14:30:28+00:00 NOTICE (5): Untranslated message within 'en': Ershad Jamil
2014-03-26T14:30:28+00:00 NOTICE (5): Untranslated message within 'en': Wealthment Administrator
2014-03-26T14:30:28+00:00 NOTICE (5): Untranslated message within 'en': Wealthment Administrator
2014-03-26T14:30:28+00:00 NOTICE (5): Untranslated message within 'en': Wealthment Administrator
2014-03-26T14:30:28+00:00 NOTICE (5): Untranslated message within 'en': Ershad Jamil
2014-03-26T14:30:28+00:00 NOTICE (5): Untranslated message within 'en': Jeffrey Lee
2014-03-26T14:30:28+00:00 NOTICE (5): Untranslated message within 'en': Wealthment Administrator
2014-03-26T14:30:28+00:00 NOTICE (5): Untranslated message within 'en': Wealthment Administrator
2014-03-26T14:30:28+00:00 NOTICE (5): Untranslated message within 'en': 
2014-03-26T14:30:28+00:00 NOTICE (5): Untranslated message within 'en': Member Home Page
2014-03-26T14:30:28+00:00 NOTICE (5): Untranslated message within 'en': This is pint version of member home page
2014-03-26T14:30:28+00:00 NOTICE (5): Untranslated message within 'en': pagetitle-pinfeed-index-index
2014-03-26T14:30:28+00:00 NOTICE (5): Untranslated message within 'en': Wealthment
2014-03-26T14:30:28+00:00 NOTICE (5): Untranslated message within 'en': Our Mission
2014-03-26T14:30:28+00:00 NOTICE (5): Untranslated message within 'en': How This Works
2014-03-26T14:30:28+00:00 NOTICE (5): Untranslated message within 'en': Wealth Maturity
2014-03-26T14:30:28+00:00 NOTICE (5): Untranslated message within 'en': 
2014-03-26T14:30:28+00:00 NOTICE (5): Untranslated message within 'en': FAQ
2014-03-26T14:30:28+00:00 NOTICE (5): Untranslated message within 'en': Privacy & Terms
2014-03-26T14:30:28+00:00 NOTICE (5): Untranslated message within 'en': 
2014-03-26T14:30:28+00:00 NOTICE (5): Untranslated message within 'en': Standard Site
2014-03-26T14:30:28+00:00 NOTICE (5): Untranslated message within 'en': Mobile Site
2014-03-26T14:30:28+00:00 NOTICE (5): Untranslated message within 'en': 
2014-03-26T14:30:37+00:00 NOTICE (5): Untranslated message within 'en': 
2014-03-26T14:30:37+00:00 NOTICE (5): Untranslated message within 'en': Trends
2014-03-26T14:30:37+00:00 NOTICE (5): Untranslated message within 'en': 
2014-03-26T14:30:37+00:00 NOTICE (5): Untranslated message within 'en': Wealthment Administrator
2014-03-26T14:30:37+00:00 NOTICE (5): Untranslated message within 'en': Wealthment Administrator
2014-03-26T14:30:37+00:00 NOTICE (5): Untranslated message within 'en': Ershad Jamil
2014-03-26T14:30:37+00:00 NOTICE (5): Untranslated message within 'en': Ershad Jamil
2014-03-26T14:30:37+00:00 NOTICE (5): Untranslated message within 'en': Ershad Jamil
2014-03-26T14:30:37+00:00 NOTICE (5): Untranslated message within 'en': Ershad Jamil
2014-03-26T14:30:37+00:00 NOTICE (5): Untranslated message within 'en': Ershad Jamil
2014-03-26T14:30:37+00:00 NOTICE (5): Untranslated message within 'en': Ershad Jamil
2014-03-26T14:30:37+00:00 NOTICE (5): Untranslated message within 'en': Ershad Jamil
2014-03-26T14:30:37+00:00 NOTICE (5): Untranslated message within 'en': Jeffrey Lee
2014-03-26T14:30:37+00:00 NOTICE (5): Untranslated message within 'en': Ershad Jamil
2014-03-26T14:30:37+00:00 NOTICE (5): Untranslated message within 'en': Ershad Jamil
2014-03-26T14:30:37+00:00 NOTICE (5): Untranslated message within 'en': Ershad Jamil
2014-03-26T14:30:37+00:00 NOTICE (5): Untranslated message within 'en': Jeffrey Lee
2014-03-26T14:30:37+00:00 NOTICE (5): Untranslated message within 'en': Jeffrey Lee
2014-03-26T14:30:37+00:00 NOTICE (5): Untranslated message within 'en': Ershad Jamil
2014-03-26T14:30:37+00:00 NOTICE (5): Untranslated message within 'en': Jeffrey Lee
2014-03-26T14:30:37+00:00 NOTICE (5): Untranslated message within 'en': Ershad Jamil
2014-03-26T14:30:38+00:00 NOTICE (5): Untranslated message within 'en': Ershad Jamil
2014-03-26T14:30:38+00:00 NOTICE (5): Untranslated message within 'en': Ershad Jamil
2014-03-26T14:30:38+00:00 NOTICE (5): Untranslated message within 'en': Ershad Jamil
2014-03-26T14:30:38+00:00 NOTICE (5): Untranslated message within 'en': Ershad Jamil
2014-03-26T14:30:38+00:00 NOTICE (5): Untranslated message within 'en': Ershad Jamil
2014-03-26T14:30:38+00:00 NOTICE (5): Untranslated message within 'en': Wealthment Administrator
2014-03-26T14:30:38+00:00 NOTICE (5): Untranslated message within 'en': Wealthment Administrator
2014-03-26T14:30:38+00:00 NOTICE (5): Untranslated message within 'en': Wealthment Administrator
2014-03-26T14:30:38+00:00 NOTICE (5): Untranslated message within 'en': Ershad Jamil
2014-03-26T14:30:38+00:00 NOTICE (5): Untranslated message within 'en': Jeffrey Lee
2014-03-26T14:30:38+00:00 NOTICE (5): Untranslated message within 'en': Wealthment Administrator
2014-03-26T14:30:38+00:00 NOTICE (5): Untranslated message within 'en': Wealthment Administrator
2014-03-26T14:30:38+00:00 NOTICE (5): Untranslated message within 'en': 
2014-03-26T14:30:38+00:00 NOTICE (5): Untranslated message within 'en': Member Home Page
2014-03-26T14:30:38+00:00 NOTICE (5): Untranslated message within 'en': This is pint version of member home page
2014-03-26T14:30:38+00:00 NOTICE (5): Untranslated message within 'en': pagetitle-pinfeed-index-index
2014-03-26T14:30:38+00:00 NOTICE (5): Untranslated message within 'en': Wealthment
2014-03-26T14:30:38+00:00 NOTICE (5): Untranslated message within 'en': Our Mission
2014-03-26T14:30:38+00:00 NOTICE (5): Untranslated message within 'en': How This Works
2014-03-26T14:30:38+00:00 NOTICE (5): Untranslated message within 'en': Wealth Maturity
2014-03-26T14:30:38+00:00 NOTICE (5): Untranslated message within 'en': 
2014-03-26T14:30:38+00:00 NOTICE (5): Untranslated message within 'en': FAQ
2014-03-26T14:30:38+00:00 NOTICE (5): Untranslated message within 'en': Privacy & Terms
2014-03-26T14:30:38+00:00 NOTICE (5): Untranslated message within 'en': 
2014-03-26T14:30:38+00:00 NOTICE (5): Untranslated message within 'en': Standard Site
2014-03-26T14:30:38+00:00 NOTICE (5): Untranslated message within 'en': Mobile Site
2014-03-26T14:30:38+00:00 NOTICE (5): Untranslated message within 'en': 
2014-03-26T14:30:46+00:00 NOTICE (5): Untranslated message within 'en': 
2014-03-26T14:30:46+00:00 NOTICE (5): Untranslated message within 'en': This is the contact page
2014-03-26T14:30:46+00:00 NOTICE (5): Untranslated message within 'en': pagetitle-core-contact-help
2014-03-26T14:30:46+00:00 NOTICE (5): Untranslated message within 'en': Wealthment
2014-03-26T14:30:46+00:00 NOTICE (5): Untranslated message within 'en': Our Mission
2014-03-26T14:30:46+00:00 NOTICE (5): Untranslated message within 'en': How This Works
2014-03-26T14:30:46+00:00 NOTICE (5): Untranslated message within 'en': Wealth Maturity
2014-03-26T14:30:46+00:00 NOTICE (5): Untranslated message within 'en': 
2014-03-26T14:30:46+00:00 NOTICE (5): Untranslated message within 'en': FAQ
2014-03-26T14:30:46+00:00 NOTICE (5): Untranslated message within 'en': Privacy & Terms
2014-03-26T14:30:46+00:00 NOTICE (5): Untranslated message within 'en': 
2014-03-26T14:30:46+00:00 NOTICE (5): Untranslated message within 'en': Standard Site
2014-03-26T14:30:46+00:00 NOTICE (5): Untranslated message within 'en': Mobile Site
2014-03-26T14:30:46+00:00 NOTICE (5): Untranslated message within 'en': 
2014-03-26T14:30:52+00:00 NOTICE (5): Untranslated message within 'en': 
2014-03-26T14:30:52+00:00 NOTICE (5): Untranslated message within 'en': 
2014-03-26T14:30:52+00:00 NOTICE (5): Untranslated message within 'en': 
2014-03-26T14:30:53+00:00 NOTICE (5): Untranslated message within 'en': 
2014-03-26T14:30:53+00:00 NOTICE (5): Untranslated message within 'en': pagetitle-core-index-admin-index
2014-03-26T14:30:53+00:00 NOTICE (5): Untranslated message within 'en': 
2014-03-26T14:30:53+00:00 NOTICE (5): Untranslated message within 'en': 
2014-03-26T14:30:53+00:00 NOTICE (5): Untranslated message within 'en': Twitter Integration
2014-03-26T14:30:53+00:00 NOTICE (5): Untranslated message within 'en': Janrain Integration
2014-03-26T14:30:53+00:00 NOTICE (5): Untranslated message within 'en': Storage System
2014-03-26T14:30:53+00:00 NOTICE (5): Untranslated message within 'en': HE - Hashtags
2014-03-26T14:30:53+00:00 NOTICE (5): Untranslated message within 'en': HE - Pin-Feed
2014-03-26T14:30:53+00:00 NOTICE (5): Untranslated message within 'en': SE Affiliate Program
2014-03-26T14:30:53+00:00 NOTICE (5): Untranslated message within 'en': VigLink
2014-03-26T14:30:53+00:00 NOTICE (5): Untranslated message within 'en': 
2014-03-26T14:30:53+00:00 NOTICE (5): Untranslated message within 'en': Twitter Integration
2014-03-26T14:30:53+00:00 NOTICE (5): Untranslated message within 'en': Janrain Integration
2014-03-26T14:30:53+00:00 NOTICE (5): Untranslated message within 'en': Storage System
2014-03-26T14:30:53+00:00 NOTICE (5): Untranslated message within 'en': HE - Hashtags
2014-03-26T14:30:53+00:00 NOTICE (5): Untranslated message within 'en': HE - Pin-Feed
2014-03-26T14:30:53+00:00 NOTICE (5): Untranslated message within 'en': SE Affiliate Program
2014-03-26T14:30:53+00:00 NOTICE (5): Untranslated message within 'en': VigLink
2014-03-26T14:30:53+00:00 NOTICE (5): Untranslated message within 'en': 
2014-03-26T14:31:03+00:00 NOTICE (5): Untranslated message within 'en': Revert
2014-03-26T14:31:03+00:00 NOTICE (5): Untranslated message within 'en': pagetitle-core-index-admin-themes
2014-03-26T14:31:03+00:00 NOTICE (5): Untranslated message within 'en': 
2014-03-26T14:31:03+00:00 NOTICE (5): Untranslated message within 'en': 
2014-03-26T14:31:03+00:00 NOTICE (5): Untranslated message within 'en': Twitter Integration
2014-03-26T14:31:03+00:00 NOTICE (5): Untranslated message within 'en': Janrain Integration
2014-03-26T14:31:03+00:00 NOTICE (5): Untranslated message within 'en': Storage System
2014-03-26T14:31:03+00:00 NOTICE (5): Untranslated message within 'en': HE - Hashtags
2014-03-26T14:31:03+00:00 NOTICE (5): Untranslated message within 'en': HE - Pin-Feed
2014-03-26T14:31:03+00:00 NOTICE (5): Untranslated message within 'en': SE Affiliate Program
2014-03-26T14:31:03+00:00 NOTICE (5): Untranslated message within 'en': VigLink
2014-03-26T14:31:03+00:00 NOTICE (5): Untranslated message within 'en': 
2014-03-26T14:31:03+00:00 NOTICE (5): Untranslated message within 'en': Twitter Integration
2014-03-26T14:31:03+00:00 NOTICE (5): Untranslated message within 'en': Janrain Integration
2014-03-26T14:31:03+00:00 NOTICE (5): Untranslated message within 'en': Storage System
2014-03-26T14:31:03+00:00 NOTICE (5): Untranslated message within 'en': HE - Hashtags
2014-03-26T14:31:03+00:00 NOTICE (5): Untranslated message within 'en': HE - Pin-Feed
2014-03-26T14:31:03+00:00 NOTICE (5): Untranslated message within 'en': SE Affiliate Program
2014-03-26T14:31:03+00:00 NOTICE (5): Untranslated message within 'en': VigLink
2014-03-26T14:31:03+00:00 NOTICE (5): Untranslated message within 'en': 
2014-03-26T14:32:27+00:00 NOTICE (5): Untranslated message within 'en': 
2014-03-26T14:32:27+00:00 NOTICE (5): Untranslated message within 'en': Trends
2014-03-26T14:32:27+00:00 NOTICE (5): Untranslated message within 'en': 
2014-03-26T14:32:27+00:00 NOTICE (5): Untranslated message within 'en': Wealthment Administrator
2014-03-26T14:32:27+00:00 NOTICE (5): Untranslated message within 'en': Wealthment Administrator
2014-03-26T14:32:27+00:00 NOTICE (5): Untranslated message within 'en': Ershad Jamil
2014-03-26T14:32:27+00:00 NOTICE (5): Untranslated message within 'en': Ershad Jamil
2014-03-26T14:32:27+00:00 NOTICE (5): Untranslated message within 'en': Ershad Jamil
2014-03-26T14:32:27+00:00 NOTICE (5): Untranslated message within 'en': Ershad Jamil
2014-03-26T14:32:27+00:00 NOTICE (5): Untranslated message within 'en': Ershad Jamil
2014-03-26T14:32:27+00:00 NOTICE (5): Untranslated message within 'en': Ershad Jamil
2014-03-26T14:32:28+00:00 NOTICE (5): Untranslated message within 'en': Ershad Jamil
2014-03-26T14:32:28+00:00 NOTICE (5): Untranslated message within 'en': Jeffrey Lee
2014-03-26T14:32:28+00:00 NOTICE (5): Untranslated message within 'en': Ershad Jamil
2014-03-26T14:32:28+00:00 NOTICE (5): Untranslated message within 'en': Ershad Jamil
2014-03-26T14:32:28+00:00 NOTICE (5): Untranslated message within 'en': Ershad Jamil
2014-03-26T14:32:28+00:00 NOTICE (5): Untranslated message within 'en': Jeffrey Lee
2014-03-26T14:32:28+00:00 NOTICE (5): Untranslated message within 'en': Jeffrey Lee
2014-03-26T14:32:28+00:00 NOTICE (5): Untranslated message within 'en': Ershad Jamil
2014-03-26T14:32:28+00:00 NOTICE (5): Untranslated message within 'en': Jeffrey Lee
2014-03-26T14:32:28+00:00 NOTICE (5): Untranslated message within 'en': Ershad Jamil
2014-03-26T14:32:28+00:00 NOTICE (5): Untranslated message within 'en': Ershad Jamil
2014-03-26T14:32:28+00:00 NOTICE (5): Untranslated message within 'en': Ershad Jamil
2014-03-26T14:32:28+00:00 NOTICE (5): Untranslated message within 'en': Ershad Jamil
2014-03-26T14:32:28+00:00 NOTICE (5): Untranslated message within 'en': Ershad Jamil
2014-03-26T14:32:28+00:00 NOTICE (5): Untranslated message within 'en': Ershad Jamil
2014-03-26T14:32:28+00:00 NOTICE (5): Untranslated message within 'en': Wealthment Administrator
2014-03-26T14:32:28+00:00 NOTICE (5): Untranslated message within 'en': Wealthment Administrator
2014-03-26T14:32:28+00:00 NOTICE (5): Untranslated message within 'en': Wealthment Administrator
2014-03-26T14:32:28+00:00 NOTICE (5): Untranslated message within 'en': Ershad Jamil
2014-03-26T14:32:28+00:00 NOTICE (5): Untranslated message within 'en': Jeffrey Lee
2014-03-26T14:32:28+00:00 NOTICE (5): Untranslated message within 'en': Wealthment Administrator
2014-03-26T14:32:28+00:00 NOTICE (5): Untranslated message within 'en': Wealthment Administrator
2014-03-26T14:32:28+00:00 NOTICE (5): Untranslated message within 'en': 
2014-03-26T14:32:28+00:00 NOTICE (5): Untranslated message within 'en': Member Home Page
2014-03-26T14:32:28+00:00 NOTICE (5): Untranslated message within 'en': This is pint version of member home page
2014-03-26T14:32:28+00:00 NOTICE (5): Untranslated message within 'en': pagetitle-pinfeed-index-index
2014-03-26T14:32:28+00:00 NOTICE (5): Untranslated message within 'en': Wealthment
2014-03-26T14:32:28+00:00 NOTICE (5): Untranslated message within 'en': Our Mission
2014-03-26T14:32:28+00:00 NOTICE (5): Untranslated message within 'en': How This Works
2014-03-26T14:32:28+00:00 NOTICE (5): Untranslated message within 'en': Wealth Maturity
2014-03-26T14:32:28+00:00 NOTICE (5): Untranslated message within 'en': 
2014-03-26T14:32:28+00:00 NOTICE (5): Untranslated message within 'en': FAQ
2014-03-26T14:32:28+00:00 NOTICE (5): Untranslated message within 'en': Privacy & Terms
2014-03-26T14:32:28+00:00 NOTICE (5): Untranslated message within 'en': 
2014-03-26T14:32:28+00:00 NOTICE (5): Untranslated message within 'en': Standard Site
2014-03-26T14:32:28+00:00 NOTICE (5): Untranslated message within 'en': Mobile Site
2014-03-26T14:32:28+00:00 NOTICE (5): Untranslated message within 'en': 
2014-03-26T14:32:35+00:00 NOTICE (5): Untranslated message within 'en': Stage 1 - Beginning Saver
2014-03-26T14:32:35+00:00 NOTICE (5): Untranslated message within 'en': Stage 2 - Improving Saver
2014-03-26T14:32:35+00:00 NOTICE (5): Untranslated message within 'en': Stage 3 - Excelling Saver
2014-03-26T14:32:35+00:00 NOTICE (5): Untranslated message within 'en': Other Savings Insights
2014-03-26T14:32:35+00:00 NOTICE (5): Untranslated message within 'en': pagetitle-core-othersavingsinsights-pages
2014-03-26T14:32:35+00:00 NOTICE (5): Untranslated message within 'en': Wealthment
2014-03-26T14:32:35+00:00 NOTICE (5): Untranslated message within 'en': Our Mission
2014-03-26T14:32:35+00:00 NOTICE (5): Untranslated message within 'en': How This Works
2014-03-26T14:32:35+00:00 NOTICE (5): Untranslated message within 'en': Wealth Maturity
2014-03-26T14:32:35+00:00 NOTICE (5): Untranslated message within 'en': 
2014-03-26T14:32:35+00:00 NOTICE (5): Untranslated message within 'en': FAQ
2014-03-26T14:32:35+00:00 NOTICE (5): Untranslated message within 'en': Privacy & Terms
2014-03-26T14:32:35+00:00 NOTICE (5): Untranslated message within 'en': 
2014-03-26T14:32:35+00:00 NOTICE (5): Untranslated message within 'en': Standard Site
2014-03-26T14:32:35+00:00 NOTICE (5): Untranslated message within 'en': Mobile Site
2014-03-26T14:32:35+00:00 NOTICE (5): Untranslated message within 'en': 
2014-03-26T14:32:43+00:00 NOTICE (5): Untranslated message within 'en': Stage 1 - Starter
2014-03-26T14:32:43+00:00 NOTICE (5): Untranslated message within 'en': Stage 2 - Dabbler
2014-03-26T14:32:43+00:00 NOTICE (5): Untranslated message within 'en': Stage 3 - Player
2014-03-26T14:32:43+00:00 NOTICE (5): Untranslated message within 'en': Stock Insights
2014-03-26T14:32:43+00:00 NOTICE (5): Untranslated message within 'en': pagetitle-core-stockinsights-pages
2014-03-26T14:32:43+00:00 NOTICE (5): Untranslated message within 'en': Wealthment
2014-03-26T14:32:43+00:00 NOTICE (5): Untranslated message within 'en': Our Mission
2014-03-26T14:32:43+00:00 NOTICE (5): Untranslated message within 'en': How This Works
2014-03-26T14:32:43+00:00 NOTICE (5): Untranslated message within 'en': Wealth Maturity
2014-03-26T14:32:43+00:00 NOTICE (5): Untranslated message within 'en': 
2014-03-26T14:32:43+00:00 NOTICE (5): Untranslated message within 'en': FAQ
2014-03-26T14:32:43+00:00 NOTICE (5): Untranslated message within 'en': Privacy & Terms
2014-03-26T14:32:43+00:00 NOTICE (5): Untranslated message within 'en': 
2014-03-26T14:32:43+00:00 NOTICE (5): Untranslated message within 'en': Standard Site
2014-03-26T14:32:43+00:00 NOTICE (5): Untranslated message within 'en': Mobile Site
2014-03-26T14:32:43+00:00 NOTICE (5): Untranslated message within 'en': 
2014-03-26T14:32:49+00:00 NOTICE (5): Untranslated message within 'en': 
2014-03-26T14:32:49+00:00 NOTICE (5): Untranslated message within 'en': Admin Settings
2014-03-26T14:32:49+00:00 NOTICE (5): Untranslated message within 'en': 
2014-03-26T14:32:49+00:00 NOTICE (5): Untranslated message within 'en': 
2014-03-26T14:32:49+00:00 NOTICE (5): Untranslated message within 'en': Wealthment Administrator
2014-03-26T14:32:49+00:00 NOTICE (5): Untranslated message within 'en': Wealthment Administrator
2014-03-26T14:32:49+00:00 NOTICE (5): Untranslated message within 'en': Wealthment Administrator
2014-03-26T14:32:49+00:00 NOTICE (5): Untranslated message within 'en': Wealthment Administrator
2014-03-26T14:32:49+00:00 NOTICE (5): Untranslated message within 'en': Wealthment Administrator
2014-03-26T14:32:49+00:00 NOTICE (5): Untranslated message within 'en': Ershad Jamil
2014-03-26T14:32:49+00:00 NOTICE (5): Untranslated message within 'en': Wealthment Administrator
2014-03-26T14:32:49+00:00 NOTICE (5): Untranslated message within 'en': Wealthment Administrator
2014-03-26T14:32:49+00:00 NOTICE (5): Untranslated message within 'en': Wealthment Administrator
2014-03-26T14:32:49+00:00 NOTICE (5): Untranslated message within 'en': Basic Information
2014-03-26T14:32:49+00:00 NOTICE (5): Untranslated message within 'en': Executive / Management
2014-03-26T14:32:49+00:00 NOTICE (5): Untranslated message within 'en': Wealth Information
2014-03-26T14:32:49+00:00 NOTICE (5): Untranslated message within 'en': Learning Goal
2014-03-26T14:32:49+00:00 NOTICE (5): Untranslated message within 'en': Stock Knowledge
2014-03-26T14:32:49+00:00 NOTICE (5): Untranslated message within 'en': Real Estate Knowledge
2014-03-26T14:32:49+00:00 NOTICE (5): Untranslated message within 'en': Retirement Knowledge
2014-03-26T14:32:49+00:00 NOTICE (5): Untranslated message within 'en': Other Savings Knowledge
2014-03-26T14:32:49+00:00 NOTICE (5): Untranslated message within 'en': Wealth 5 Year Goal
2014-03-26T14:32:49+00:00 NOTICE (5): Untranslated message within 'en': Wealthuser Info
2014-03-26T14:32:49+00:00 NOTICE (5): Untranslated message within 'en': Member Profile
2014-03-26T14:32:49+00:00 NOTICE (5): Untranslated message within 'en': This is a member's profile.
2014-03-26T14:32:49+00:00 NOTICE (5): Untranslated message within 'en': pagetitle-user-index-profile
2014-03-26T14:32:49+00:00 NOTICE (5): Untranslated message within 'en': Wealthment
2014-03-26T14:32:50+00:00 NOTICE (5): Untranslated message within 'en': Our Mission
2014-03-26T14:32:50+00:00 NOTICE (5): Untranslated message within 'en': How This Works
2014-03-26T14:32:50+00:00 NOTICE (5): Untranslated message within 'en': Wealth Maturity
2014-03-26T14:32:50+00:00 NOTICE (5): Untranslated message within 'en': 
2014-03-26T14:32:50+00:00 NOTICE (5): Untranslated message within 'en': FAQ
2014-03-26T14:32:50+00:00 NOTICE (5): Untranslated message within 'en': Privacy & Terms
2014-03-26T14:32:50+00:00 NOTICE (5): Untranslated message within 'en': 
2014-03-26T14:32:50+00:00 NOTICE (5): Untranslated message within 'en': Standard Site
2014-03-26T14:32:50+00:00 NOTICE (5): Untranslated message within 'en': Mobile Site
2014-03-26T14:32:50+00:00 NOTICE (5): Untranslated message within 'en': 
2014-03-26T14:33:20+00:00 NOTICE (5): Untranslated message within 'en': 
2014-03-26T14:33:20+00:00 NOTICE (5): Untranslated message within 'en': 
2014-03-26T14:33:20+00:00 NOTICE (5): Untranslated message within 'en': 
2014-03-26T14:33:21+00:00 NOTICE (5): Untranslated message within 'en': 
2014-03-26T14:33:21+00:00 NOTICE (5): Untranslated message within 'en': pagetitle-core-index-admin-index
2014-03-26T14:33:21+00:00 NOTICE (5): Untranslated message within 'en': 
2014-03-26T14:33:21+00:00 NOTICE (5): Untranslated message within 'en': 
2014-03-26T14:33:21+00:00 NOTICE (5): Untranslated message within 'en': Twitter Integration
2014-03-26T14:33:21+00:00 NOTICE (5): Untranslated message within 'en': Janrain Integration
2014-03-26T14:33:21+00:00 NOTICE (5): Untranslated message within 'en': Storage System
2014-03-26T14:33:21+00:00 NOTICE (5): Untranslated message within 'en': HE - Hashtags
2014-03-26T14:33:21+00:00 NOTICE (5): Untranslated message within 'en': HE - Pin-Feed
2014-03-26T14:33:21+00:00 NOTICE (5): Untranslated message within 'en': SE Affiliate Program
2014-03-26T14:33:21+00:00 NOTICE (5): Untranslated message within 'en': VigLink
2014-03-26T14:33:21+00:00 NOTICE (5): Untranslated message within 'en': 
2014-03-26T14:33:21+00:00 NOTICE (5): Untranslated message within 'en': Twitter Integration
2014-03-26T14:33:21+00:00 NOTICE (5): Untranslated message within 'en': Janrain Integration
2014-03-26T14:33:21+00:00 NOTICE (5): Untranslated message within 'en': Storage System
2014-03-26T14:33:21+00:00 NOTICE (5): Untranslated message within 'en': HE - Hashtags
2014-03-26T14:33:21+00:00 NOTICE (5): Untranslated message within 'en': HE - Pin-Feed
2014-03-26T14:33:21+00:00 NOTICE (5): Untranslated message within 'en': SE Affiliate Program
2014-03-26T14:33:21+00:00 NOTICE (5): Untranslated message within 'en': VigLink
2014-03-26T14:33:21+00:00 NOTICE (5): Untranslated message within 'en': 
